0 info it worked if it ends with ok
1 verbose cli [ 'D:\\Program\\nodejs\\node.exe',
1 verbose cli   'C:\\Users\\orionivv\\AppData\\Roaming\\npm\\node_modules\\npm\\bin\\npm-cli.js',
1 verbose cli   'run',
1 verbose cli   'dev' ]
2 info using npm@4.0.5
3 info using node@v6.9.4
4 verbose run-script [ 'predev', 'dev', 'postdev' ]
5 info lifecycle server@1.0.0~predev: server@1.0.0
6 silly lifecycle server@1.0.0~predev: no script for predev, continuing
7 info lifecycle server@1.0.0~dev: server@1.0.0
8 verbose lifecycle server@1.0.0~dev: unsafe-perm in lifecycle true
9 verbose lifecycle server@1.0.0~dev: PATH: C:\Users\orionivv\AppData\Roaming\npm\node_modules\npm\bin\node-gyp-bin;D:\Git_project\diplom\server\node_modules\.bin;C:\ProgramData\Oracle\Java\javapath;C:\Windows\system32;C:\Windows;C:\Windows\System32\Wbem;C:\Windows\System32\WindowsPowerShell\v1.0\;C:\Users\orionivv\.dnx\bin;C:\Program Files\Microsoft DNX\Dnvm\;C:\Program Files\Common Files\Autodesk Shared\;C:\Program Files (x86)\NVIDIA Corporation\PhysX\Common;C:\Program Files (x86)\Autodesk\Backburner\;D:\Git\cmd;C:\Program Files (x86)\GtkSharp\2.12\bin;C:\Users\orionivv\AppData\Local\Microsoft\WindowsApps;C:\Users\orionivv\AppData\Roaming\npm;D:\Program\nvm;C:\Program Files\nodejs;%NVM_HOME%;%NVM_SYMLINK%;C:\WINDOWS\system32;C:\WINDOWS;C:\WINDOWS\System32\Wbem;C:\WINDOWS\System32\WindowsPowerShell\v1.0\;C:\Users\orionivv\AppData\Local\Microsoft\WindowsApps;C:\Users\orionivv\AppData\Roaming\npm;D:\Program\nvm;D:\Program\nodejs;
10 verbose lifecycle server@1.0.0~dev: CWD: D:\Git_project\diplom\server
11 silly lifecycle server@1.0.0~dev: Args: [ '/d /s /c', 'nodemon server.js' ]
12 verbose stack Error: kill ENOSYS
12 verbose stack     at exports._errnoException (util.js:1022:11)
12 verbose stack     at process.kill (internal/process.js:172:13)
12 verbose stack     at process.listener (C:\Users\orionivv\AppData\Roaming\npm\node_modules\npm\node_modules\npmlog\node_modules\gauge\node_modules\signal-exit\index.js:86:15)
12 verbose stack     at emitNone (events.js:91:20)
12 verbose stack     at process.emit (events.js:185:7)
12 verbose stack     at processEmit (C:\Users\orionivv\AppData\Roaming\npm\node_modules\npm\node_modules\npmlog\node_modules\gauge\node_modules\signal-exit\index.js:146:32)
12 verbose stack     at processEmit (C:\Users\orionivv\AppData\Roaming\npm\node_modules\npm\node_modules\npm-registry-client\node_modules\npmlog\node_modules\gauge\node_modules\signal-exit\index.js:146:32)
12 verbose stack     at Signal.wrap.onsignal (internal/process.js:199:44)
13 verbose cwd D:\Git_project\diplom\server
14 error Windows_NT 10.0.15063
15 error argv "D:\\Program\\nodejs\\node.exe" "C:\\Users\\orionivv\\AppData\\Roaming\\npm\\node_modules\\npm\\bin\\npm-cli.js" "run" "dev"
16 error node v6.9.4
17 error npm  v4.0.5
18 error code ENOSYS
19 error errno ENOSYS
20 error syscall kill
21 error kill ENOSYS
22 error If you need help, you may report this error at:
22 error     <https://github.com/npm/npm/issues>
23 verbose exit [ 1, true ]
